<?xml version="1.0" encoding="UTF-8"?>
<testsuites name="Sanity Suite" time="8.642" tests="1" failures="0" errors="0">
   <testsuite name="Sanity Suite" tests="1" failures="0" errors="0" time="8.642" skipped="0" timestamp="2023-10-18 02:19:08" hostname="ebenc - 192.168.11.60" id="Test Suites/Sanity Suite">
      <properties>
         <property name="deviceName" value=""/>
         <property name="devicePlatform" value=""/>
         <property name="logFolder" value="C:\\Users\\ebenc\\git\\katalontests\\katalontests\\Reports\\20231018_021905\\Sanity Suite\\20231018_021905"/>
         <property name="logFiles" value="C:\\Users\\ebenc\\git\\katalontests\\katalontests\\Reports\\20231018_021905\\Sanity Suite\\20231018_021905\\execution0.log"/>
         <property name="attachments" value=""/>
         <property name="hostName" value="ebenc - 192.168.11.60"/>
         <property name="os" value="Windows 11 64bit"/>
         <property name="katalonVersion" value="8.6.8.208"/>
         <property name="browser" value="Chrome 118.0.0.0"/>
         <property name="hostAddress" value="192.168.11.60"/>
         <property name="sessionId" value="cbed06e5b609d113db71b9d3da96ca59"/>
         <property name="seleniumVersion" value="3.141.59"/>
         <property name="proxyInformation" value="ProxyInformation { proxyOption=NO_PROXY, proxyServerType=HTTP, username=, password=********, proxyServerAddress=, proxyServerPort=0, executionList=&quot;&quot;, isApplyToDesiredCapabilities=true }"/>
         <property name="platform" value="Windows 11"/>
      </properties>
      <testcase name="Test Cases/Voting Feature/Sanity TC - Validate Voting page availability for users" time="8.382" classname="Test Cases/Voting Feature/Sanity TC - Validate Voting page availability for users" status="PASSED">
         <system-out><![CDATA[2023-10-18 02:19:08 - [TEST_CASE][PASSED] - Test Cases/Voting Feature/Sanity TC - Validate Voting page availability for users: Test Cases/Voting Feature/Sanity TC - Validate Voting page availability for users

2023-10-18 02:19:08 - [TEST_STEP][PASSED] - Start listener action : enableSauceLabs: [SAUCELABS] Saucelabs Plugin will not attempt to auto update job status and information !

2023-10-18 02:19:08 - [MESSAGE][INFO] - [SAUCELABS] Current run configuration: Chrome

2023-10-18 02:19:08 - [MESSAGE][INFO] - [SAUCELABS] Saucelabs Plugin will not attempt to auto update job status and information !

2023-10-18 02:19:08 - [TEST_STEP][PASSED] - openBrowser(""): Browser is opened with url: ''

2023-10-18 02:19:08 - [MESSAGE][INFO] - Starting 'Chrome' driver

2023-10-18 02:19:08 - [MESSAGE][INFO] - Action delay is set to 0 milliseconds

2023-10-18 02:19:10 - [MESSAGE][PASSED] - Browser is opened with url: ''

2023-10-18 02:19:10 - [TEST_STEP][PASSED] - navigateToUrl("https://www.squishable.com/category/voting_category.html"): Navigate to 'https://www.squishable.com/category/voting_category.html' successfully

2023-10-18 02:19:14 - [MESSAGE][PASSED] - Navigate to 'https://www.squishable.com/category/voting_category.html' successfully

2023-10-18 02:19:14 - [TEST_STEP][PASSED] - click(findTestObject("Object Repository/Page_Squishable Vote/img")): Object: 'Object Repository/Page_Squishable Vote/img' is clicked on

2023-10-18 02:19:15 - [MESSAGE][PASSED] - Object: 'Object Repository/Page_Squishable Vote/img' is clicked on

2023-10-18 02:19:15 - [TEST_STEP][PASSED] - verifyElementPresent(findTestObject("Object Repository/Page_Squishable Vote/img"), 0): Object 'Object Repository/Page_Squishable Vote/img' is present

2023-10-18 02:19:15 - [MESSAGE][WARNING] - Timeout '0' is invalid. Using default page load timeout: '30'

2023-10-18 02:19:15 - [MESSAGE][PASSED] - Object 'Object Repository/Page_Squishable Vote/img' is present

2023-10-18 02:19:15 - [TEST_STEP][PASSED] - verifyElementPresent(findTestObject("Object Repository/Page_Squishable Vote/a_SCORE Squishable Trash Banditby Katy BVie_0c136d"), 0): Object 'Object Repository/Page_Squishable Vote/a_SCORE Squishable Trash Banditby Katy BVie_0c136d' is present

2023-10-18 02:19:15 - [MESSAGE][WARNING] - Timeout '0' is invalid. Using default page load timeout: '30'

2023-10-18 02:19:15 - [MESSAGE][PASSED] - Object 'Object Repository/Page_Squishable Vote/a_SCORE Squishable Trash Banditby Katy BVie_0c136d' is present

2023-10-18 02:19:15 - [TEST_STEP][PASSED] - closeBrowser(): Browser is closed

2023-10-18 02:19:16 - [MESSAGE][PASSED] - Browser is closed

2023-10-18 02:19:16 - [TEST_STEP][PASSED] - Start listener action : autoUpdateJobStatus: [SAUCELABS] Current run configuration: Chrome

2023-10-18 02:19:16 - [MESSAGE][INFO] - [SAUCELABS] Current run configuration: Chrome]]></system-out>
         <system-err><![CDATA[]]></system-err>
      </testcase>
      <system-out><![CDATA[2023-10-18 02:19:08 - [TEST_SUITE][PASSED] - Sanity Suite: Test Cases/Voting Feature/Sanity TC - Validate Voting page availability for users]]></system-out>
      <system-err><![CDATA[]]></system-err>
   </testsuite>
</testsuites>
